<?xml version="1.0" encoding="UTF-8"?>
<!-- Generated by org.testng.reporters.JUnitReportReporter -->
<testsuite hostname="SHREETAMA" failures="0" tests="2" name="tests.UpdateRoomPriceTest" time="0.776" errors="0" timestamp="2025-08-13T11:28:22 IST" skipped="0">
  <testcase classname="tests.UpdateRoomPriceTest" name="testUpdateRoomPrice" time="0.150"/>
  <testcase classname="tests.UpdateRoomPriceTest" name="testUpdateRoomPricesFromJson" time="0.626"/>
</testsuite> <!-- tests.UpdateRoomPriceTest -->
