<?xml version="1.0" encoding="UTF-8"?>
<!-- Generated by org.testng.reporters.JUnitReportReporter -->
<testsuite hostname="SHREETAMA" failures="0" tests="2" name="tests.UpdateRoomPriceTest" time="0.787" errors="0" timestamp="2025-08-13T22:19:37 IST" skipped="0">
  <testcase classname="tests.UpdateRoomPriceTest" name="testUpdateRoomPrice" time="0.174"/>
  <testcase classname="tests.UpdateRoomPriceTest" name="testUpdateRoomPricesFromJson" time="0.613"/>
</testsuite> <!-- tests.UpdateRoomPriceTest -->
