<?xml version="1.0" encoding="UTF-8"?>
<!-- Generated by org.testng.reporters.JUnitReportReporter -->
<testsuite hostname="SHREETAMA" failures="0" tests="2" name="tests.DeleteRoomTest" time="0.745" errors="0" timestamp="2025-08-13T22:19:37 IST" skipped="0">
  <testcase classname="tests.DeleteRoomTest" name="testDeleteRoomsFromJson" time="0.595"/>
  <testcase classname="tests.DeleteRoomTest" name="testDeleteRoomById" time="0.150"/>
</testsuite> <!-- tests.DeleteRoomTest -->
