<?xml version="1.0" encoding="UTF-8"?>
<!-- Generated by org.testng.reporters.JUnitReportReporter -->
<testsuite hostname="SHREETAMA" failures="0" tests="1" name="tests.AuthTests" time="4.817" errors="0" timestamp="2025-08-13T11:28:22 IST" skipped="0">
  <testcase classname="tests.AuthTests" name="testGetAuthAndToken" time="4.817"/>
</testsuite> <!-- tests.AuthTests -->
