<?xml version="1.0" encoding="UTF-8"?>
<!-- Generated by org.testng.reporters.JUnitReportReporter -->
<testsuite hostname="SHREETAMA" failures="0" tests="1" name="tests.ViewRoomListTest" time="0.308" errors="0" timestamp="2025-08-13T22:19:37 IST" skipped="0">
  <testcase classname="tests.ViewRoomListTest" name="testViewRoomList" time="0.308"/>
</testsuite> <!-- tests.ViewRoomListTest -->
