<?xml version="1.0" encoding="UTF-8"?>
<!-- Generated by org.testng.reporters.JUnitReportReporter -->
<testsuite hostname="SHREETAMA" failures="0" tests="2" name="tests.DeleteRoomTest" time="0.747" errors="0" timestamp="2025-08-13T11:28:22 IST" skipped="0">
  <testcase classname="tests.DeleteRoomTest" name="testDeleteRoomById" time="0.143"/>
  <testcase classname="tests.DeleteRoomTest" name="testDeleteRoomsFromJson" time="0.604"/>
</testsuite> <!-- tests.DeleteRoomTest -->
