<?xml version="1.0" encoding="UTF-8"?>
<!-- Generated by org.testng.reporters.JUnitReportReporter -->
<testsuite hostname="MSI" failures="0" tests="1" name="tests.AuthTests" time="2.078" errors="0" timestamp="2025-08-12T20:05:40 IST" skipped="0">
  <testcase classname="tests.AuthTests" name="testGetAuthAndToken" time="2.078"/>
</testsuite> <!-- tests.AuthTests -->
