<?xml version="1.0" encoding="UTF-8"?>
<!-- Generated by org.testng.reporters.JUnitReportReporter -->
<testsuite hostname="MSI" failures="0" tests="2" name="tests.ViewRoomByIdTest" time="1.056" errors="0" timestamp="2025-08-12T20:05:40 IST" skipped="0">
  <testcase classname="tests.ViewRoomByIdTest" name="testViewRoomById" time="0.188"/>
  <testcase classname="tests.ViewRoomByIdTest" name="testViewRoomsByIdFromJson" time="0.868"/>
</testsuite> <!-- tests.ViewRoomByIdTest -->
