<?xml version="1.0" encoding="UTF-8"?>
<!-- Generated by org.testng.reporters.JUnitReportReporter -->
<testsuite hostname="MSI" failures="0" tests="2" name="tests.UpdateRoomPriceTest" time="0.826" errors="0" timestamp="2025-08-12T20:05:40 IST" skipped="0">
  <testcase classname="tests.UpdateRoomPriceTest" name="testUpdateRoomPricesFromJson" time="0.640"/>
  <testcase classname="tests.UpdateRoomPriceTest" name="testUpdateRoomPrice" time="0.186"/>
</testsuite> <!-- tests.UpdateRoomPriceTest -->
