<?xml version="1.0" encoding="UTF-8"?>
<!-- Generated by org.testng.reporters.JUnitReportReporter -->
<testsuite hostname="MSI" failures="0" tests="2" name="tests.DeleteRoomTest" time="0.695" errors="0" timestamp="2025-08-12T20:05:40 IST" skipped="0">
  <testcase classname="tests.DeleteRoomTest" name="testDeleteRoomsFromJson" time="0.526"/>
  <testcase classname="tests.DeleteRoomTest" name="testDeleteRoomById" time="0.169"/>
</testsuite> <!-- tests.DeleteRoomTest -->
