<?xml version="1.0" encoding="UTF-8"?>
<!-- Generated by org.testng.reporters.JUnitReportReporter -->
<testsuite hostname="MSI" failures="0" tests="2" name="tests.ViewRoomByTypeTest" time="0.814" errors="0" timestamp="2025-08-12T20:05:40 IST" skipped="0">
  <testcase classname="tests.ViewRoomByTypeTest" name="testViewRoomsByTypeFromJson" time="0.608"/>
  <testcase classname="tests.ViewRoomByTypeTest" name="testViewRoomByType" time="0.206"/>
</testsuite> <!-- tests.ViewRoomByTypeTest -->
