<?xml version="1.0" encoding="UTF-8"?>
<!-- Generated by org.testng.reporters.JUnitReportReporter -->
<testsuite hostname="MSI" failures="0" tests="2" name="tests.AddRoomTest" time="1.499" errors="0" timestamp="2025-08-12T20:05:40 IST" skipped="0">
  <testcase classname="tests.AddRoomTest" name="testAddRoom" time="0.410"/>
  <testcase classname="tests.AddRoomTest" name="testAddRoomsFromJson" time="1.089"/>
</testsuite> <!-- tests.AddRoomTest -->
